<?xml version="1.0" encoding="UTF-8"?>
<!-- Generated by org.testng.reporters.JUnitReportReporter -->
<testsuite skipped="0" hostname="Faatimas-MBP.Dlink" name="webtests.AddToCart" tests="2" failures="0" timestamp="2020-11-17T11:35:15 SAST" time="0.287" errors="0">
  <testcase name="addMultipleProductsTocart" time="0.217" classname="webtests.AddToCart"/>
  <testcase name="removeProductFromCart" time="0.070" classname="webtests.AddToCart"/>
</testsuite> <!-- webtests.AddToCart -->
