<?xml version="1.0" encoding="UTF-8"?>
<!-- Generated by org.testng.reporters.JUnitReportReporter -->
<testsuite skipped="0" hostname="Faatimas-MBP.Dlink" name="webtests.Login" tests="3" failures="0" timestamp="2020-11-17T11:35:15 SAST" time="2.756" errors="0">
  <testcase name="titleTest" time="0.305" classname="webtests.Login"/>
  <testcase name="testLoginFail" time="0.085" classname="webtests.Login"/>
  <testcase name="testLoginStandardUser" time="2.366" classname="webtests.Login"/>
</testsuite> <!-- webtests.Login -->
