<?xml version="1.0" encoding="UTF-8"?>
<!-- Generated by org.testng.reporters.JUnitReportReporter -->
<testsuite skipped="0" hostname="Faatimas-MBP.Dlink" name="webtests.Checkout" tests="2" failures="0" timestamp="2020-11-17T11:35:15 SAST" time="0.507" errors="0">
  <testcase name="goToCheckOut" time="0.156" classname="webtests.Checkout"/>
  <testcase name="enterDetails" time="0.351" classname="webtests.Checkout"/>
</testsuite> <!-- webtests.Checkout -->
